# JRE version: Java(TM) SE Runtime Environment (17.0.12+8) (build 17.0.12+8-LTS-286)
# Java VM: Java HotSpot(TM) 64-Bit Server VM (17.0.12+8-LTS-286, mixed mode, emulated-client, sharing, tiered, compressed oops, compressed class ptrs, g1 gc, windows-amd64)
GC Precious Log:
 CPUs: 8 total, 8 available
 Memory: 3446M
 Large Page Support: Disabled
 NUMA Support: Disabled
 Compressed Oops: Enabled (32-bit)
 Heap Region Size: 1M
 Heap Min Capacity: 8M
 Heap Initial Capacity: 54M
 Heap Max Capacity: 862M
 Pre-touch: Disabled
 Parallel Workers: 8
 Concurrent Workers: 2
 Concurrent Refinement Workers: 8
 Periodic GC: Disabled
Heap:
 garbage-first heap   total 55296K, used 30646K [0x00000000ca200000, 0x0000000100000000)
  region size 1024K, 20 young (20480K), 3 survivors (3072K)
 Metaspace       used 24429K, committed 24768K, reserved 1114112K
  class space    used 3359K, committed 3520K, reserved 1048576K
GC Heap History (12 events):
Event: 2.274 GC heap before
{Heap before GC invocations=0 (full 0):
 garbage-first heap   total 55296K, used 23552K [0x00000000ca200000, 0x0000000100000000)
  region size 1024K, 23 young (23552K), 0 survivors (0K)
 Metaspace       used 4845K, committed 4992K, reserved 1114112K
  class space    used 642K, committed 704K, reserved 1048576K
}
Event: 2.283 GC heap after
{Heap after GC invocations=1 (full 0):
 garbage-first heap   total 55296K, used 6307K [0x00000000ca200000, 0x0000000100000000)
  region size 1024K, 3 young (3072K), 3 survivors (3072K)
 Metaspace       used 4845K, committed 4992K, reserved 1114112K
  class space    used 642K, committed 704K, reserved 1048576K
}
Event: 3.133 GC heap before
{Heap before GC invocations=1 (full 0):
 garbage-first heap   total 55296K, used 25763K [0x00000000ca200000, 0x0000000100000000)
  region size 1024K, 23 young (23552K), 3 survivors (3072K)
 Metaspace       used 8987K, committed 9216K, reserved 1114112K
  class space    used 1219K, committed 1344K, reserved 1048576K
}
Event: 3.138 GC heap after
{Heap after GC invocations=2 (full 0):
 garbage-first heap   total 55296K, used 7827K [0x00000000ca200000, 0x0000000100000000)
  region size 1024K, 2 young (2048K), 2 survivors (2048K)
 Metaspace       used 8987K, committed 9216K, reserved 1114112K
  class space    used 1219K, committed 1344K, reserved 1048576K
}
Event: 3.590 GC heap before
{Heap before GC invocations=2 (full 0):
 garbage-first heap   total 55296K, used 28307K [0x00000000ca200000, 0x0000000100000000)
  region size 1024K, 23 young (23552K), 2 survivors (2048K)
 Metaspace       used 13430K, committed 13696K, reserved 1114112K
  class space    used 1824K, committed 1920K, reserved 1048576K
}
Event: 3.594 GC heap after
{Heap after GC invocations=3 (full 0):
 garbage-first heap   total 55296K, used 9264K [0x00000000ca200000, 0x0000000100000000)
  region size 1024K, 3 young (3072K), 3 survivors (3072K)
 Metaspace       used 13430K, committed 13696K, reserved 1114112K
  class space    used 1824K, committed 1920K, reserved 1048576K
}
Event: 4.768 GC heap before
{Heap before GC invocations=3 (full 0):
 garbage-first heap   total 55296K, used 32816K [0x00000000ca200000, 0x0000000100000000)
  region size 1024K, 26 young (26624K), 3 survivors (3072K)
 Metaspace       used 15784K, committed 16128K, reserved 1114112K
  class space    used 2161K, committed 2304K, reserved 1048576K
}
Event: 4.781 GC heap after
{Heap after GC invocations=4 (full 0):
 garbage-first heap   total 55296K, used 11774K [0x00000000ca200000, 0x0000000100000000)
  region size 1024K, 4 young (4096K), 4 survivors (4096K)
 Metaspace       used 15784K, committed 16128K, reserved 1114112K
  class space    used 2161K, committed 2304K, reserved 1048576K
}
Event: 5.947 GC heap before
{Heap before GC invocations=4 (full 0):
 garbage-first heap   total 55296K, used 36350K [0x00000000ca200000, 0x0000000100000000)
  region size 1024K, 28 young (28672K), 4 survivors (4096K)
 Metaspace       used 19797K, committed 20160K, reserved 1114112K
  class space    used 2727K, committed 2880K, reserved 1048576K
}
Event: 5.962 GC heap after
{Heap after GC invocations=5 (full 0):
 garbage-first heap   total 55296K, used 13592K [0x00000000ca200000, 0x0000000100000000)
  region size 1024K, 2 young (2048K), 2 survivors (2048K)
 Metaspace       used 19797K, committed 20160K, reserved 1114112K
  class space    used 2727K, committed 2880K, reserved 1048576K
}
Event: 8.176 GC heap before
{Heap before GC invocations=5 (full 0):
 garbage-first heap   total 55296K, used 20760K [0x00000000ca200000, 0x0000000100000000)
  region size 1024K, 10 young (10240K), 2 survivors (2048K)
 Metaspace       used 21167K, committed 21504K, reserved 1114112K
  class space    used 2956K, committed 3136K, reserved 1048576K
}
Event: 8.181 GC heap after
{Heap after GC invocations=6 (full 0):
 garbage-first heap   total 55296K, used 14262K [0x00000000ca200000, 0x0000000100000000)
  region size 1024K, 3 young (3072K), 3 survivors (3072K)
 Metaspace       used 21167K, committed 21504K, reserved 1114112K
  class space    used 2956K, committed 3136K, reserved 1048576K
}

